-------------------- Log Start | Sat Nov  4 20:45:27 2023 --------------------
data_path: /home/pi/printer_data
is_default_data_path: False
config_file: /home/pi/printer_data/config/moonraker.conf
startup_warnings: []
verbose: False
debug: False
asyncio_debug: False
is_backup_config: False
is_python_package: True
instance_uuid: 897b55d4bc094ed1a5a19ff3af697fa2
unix_socket_path: /home/pi/printer_data/comms/moonraker.sock
software_version: v0.8.0-190-ge03dbe3
git_branch: master
git_remote: origin
git_repo_url: https://github.com/Arksine/moonraker.git
modified_files: []
unofficial_components: []
log_file: /home/pi/printer_data/logs/moonraker.log
python_version: 3.9.2 (default, Mar 12 2021, 04:06:34)  [GCC 10.2.1 20210110]
msgspec_enabled: False
uvloop_enabled: False

#################### Moonraker Configuration ####################

[server]
host = 0.0.0.0
port = 7125
max_upload_size = 1024
klippy_uds_address = ~/printer_data/comms/klippy.sock

[file_manager]
enable_object_processing = False

[authorization]
cors_domains = 
	https://my.mainsail.xyz
	http://my.mainsail.xyz
	http://*.local
	http://*.lan
trusted_clients = 
	10.0.0.0/8
	127.0.0.0/8
	169.254.0.0/16
	172.16.0.0/12
	192.168.0.0/16
	FE80::/10
	::1/128

[octoprint_compat]

[history]

[announcements]
subscriptions = 
	mainsail

[update_manager]
refresh_interval = 168
enable_auto_refresh = True

[update_manager mainsail]
type = web
channel = stable
repo = mainsail-crew/mainsail
path = ~/mainsail

[update_manager mainsail-config]
type = git_repo
primary_branch = master
path = ~/mainsail-config
origin = https://github.com/mainsail-crew/mainsail-config.git
managed_services = klipper

[update_manager crowsnest]
type = git_repo
path = ~/crowsnest
origin = https://github.com/mainsail-crew/crowsnest.git
managed_services = crowsnest
install_script = tools/pkglist.sh

[update_manager sonar]
type = git_repo
path = ~/sonar
origin = https://github.com/mainsail-crew/sonar.git
primary_branch = main
managed_services = sonar
install_script = tools/install.sh

[update_manager moonraker-obico]
type = git_repo
path = ~/moonraker-obico
origin = https://github.com/TheSpaghettiDetective/moonraker-obico.git
env = /home/pi/moonraker-obico-env/bin/python
requirements = requirements.txt
install_script = install.sh
managed_services = 
	moonraker-obico

#################################################################
All Configuration Files:
/home/pi/printer_data/config/moonraker.conf
/home/pi/printer_data/config/moonraker-obico-update.cfg
#################################################################
Unsafe Shutdown Count: 16

System Info:

***python***
  version: (3, 9, 2, 'final', 0)
  version_string: 3.9.2 (default, Mar 12 2021, 04:06:34)  [GCC 10.2.1 20210110]

***cpu_info***
  cpu_count: 4
  bits: 32bit
  processor: armv7l
  cpu_desc: ARMv7 Processor rev 4 (v7l)
  serial_number: 474fc23
  hardware_desc: BCM2835
  model: Raspberry Pi 3 Model B Plus Rev 1.3
  total_memory: 891312
  memory_units: kB

***sd_info***
  manufacturer_id: 03
  manufacturer: Sandisk
  oem_id: 5344
  product_name: SU32G
  product_revision: 8.0
  serial_number: 1f98bddb
  manufacturer_date: 4/2013
  capacity: 29.7 GiB
  total_bytes: 31914983424

***distribution***
  name: Raspbian GNU/Linux 11 (bullseye)
  id: raspbian
  version: 11
  version_parts: {'major': '11', 'minor': '', 'build_number': ''}
  like: debian
  codename: bullseye
  release_info: {'name': 'MainsailOS', 'version_id': '1.2.1', 'codename': 'bullseye', 'id': 'mainsailos'}

***virtualization***
  virt_type: none
  virt_identifier: none

***network***

***canbus***

***Allowed Services***
  klipper_mcu
  webcamd
  MoonCord
  KlipperScreen
  moonraker-telegram-bot
  moonraker-obico
  sonar
  crowsnest
  octoeverywhere
  ratos-configurator

Systemd unit moonraker.service:
unit_name: moonraker.service
is_default: True
manager: systemd
Properties:
**Requires=['system.slice', 'sysinit.target', 'network-online.target']
**After=['basic.target', 'network-online.target', 'systemd-journald.socket', 'klipper.service', 'system.slice', 'sysinit.target']
**SupplementaryGroups=['moonraker-admin']
**EnvironmentFiles=/home/pi/printer_data/systemd/moonraker.env
**ExecStart=/home/pi/moonraker-env/bin/python $MOONRAKER_ARGS
**WorkingDirectory=
**FragmentPath=/etc/systemd/system/moonraker.service
**Description=API Server for Klipper SV1
**User=pi

Systemd unit klipper.service:
unit_name: klipper.service
is_default: True
manager: systemd
Properties:
**Requires=['-.mount', 'sysinit.target', 'system.slice']
**After=['basic.target', 'network-online.target', 'systemd-journald.socket', '-.mount', 'system.slice', 'sysinit.target']
**SupplementaryGroups=[]
**EnvironmentFiles=/home/pi/printer_data/systemd/klipper.env
**ExecStart=/home/pi/klippy-env/bin/python $KLIPPER_ARGS
**WorkingDirectory=/home/pi/klipper
**FragmentPath=/etc/systemd/system/klipper.service
**Description=Klipper 3D Printer Firmware SV1
**User=pi
Git Repo moonraker: Warnings detected:
  Repo has untracked source files: ['moonraker/components/timelapse.py']
Git Repo klipper: No warnings detected
Git Repo mainsail-config: No warnings detected
Git Repo crowsnest: No warnings detected
Git Repo sonar: No warnings detected
Git Repo moonraker-obico: No warnings detected
Klipper Version: v0.11.0-309-g64a97431
2023-11-04 17:01:42,284 [app.py:register_remote_handler()] - Registering HTTP endpoint: (GET POST) /printer/info
2023-11-04 17:01:42,285 [websockets.py:register_api_handler()] - Registering Websocket JSON-RPC methods: printer.info
2023-11-04 17:01:42,286 [app.py:register_remote_handler()] - Registering HTTP endpoint: (GET POST) /printer/emergency_stop
2023-11-04 17:01:42,287 [websockets.py:register_api_handler()] - Registering Websocket JSON-RPC methods: printer.emergency_stop
2023-11-04 17:01:42,287 [app.py:register_remote_handler()] - Registering HTTP endpoint: (GET POST) /printer/gcode/help
2023-11-04 17:01:42,288 [websockets.py:register_api_handler()] - Registering Websocket JSON-RPC methods: printer.gcode.help
2023-11-04 17:01:42,288 [app.py:register_remote_handler()] - Registering HTTP endpoint: (GET POST) /printer/gcode/script
2023-11-04 17:01:42,289 [websockets.py:register_api_handler()] - Registering Websocket JSON-RPC methods: printer.gcode.script
2023-11-04 17:01:42,289 [app.py:register_remote_handler()] - Registering HTTP endpoint: (GET POST) /printer/gcode/restart
2023-11-04 17:01:42,290 [websockets.py:register_api_handler()] - Registering Websocket JSON-RPC methods: printer.gcode.restart
2023-11-04 17:01:42,290 [app.py:register_remote_handler()] - Registering HTTP endpoint: (GET POST) /printer/gcode/firmware_restart
2023-11-04 17:01:42,291 [websockets.py:register_api_handler()] - Registering Websocket JSON-RPC methods: printer.gcode.firmware_restart
2023-11-04 17:01:42,292 [app.py:register_remote_handler()] - Registering HTTP endpoint: (GET POST) /printer/objects/list
2023-11-04 17:01:42,293 [websockets.py:register_api_handler()] - Registering Websocket JSON-RPC methods: printer.objects.list
2023-11-04 17:01:42,293 [app.py:register_remote_handler()] - Registering HTTP endpoint: (GET POST) /printer/objects/query
2023-11-04 17:01:42,294 [websockets.py:register_api_handler()] - Registering Websocket JSON-RPC methods: printer.objects.query
2023-11-04 17:01:42,294 [app.py:register_remote_handler()] - Registering HTTP endpoint: (GET POST) /printer/objects/subscribe
2023-11-04 17:01:42,295 [websockets.py:register_api_handler()] - Registering Websocket JSON-RPC methods: printer.objects.subscribe
2023-11-04 17:01:42,295 [app.py:register_remote_handler()] - Registering HTTP endpoint: (GET POST) /printer/pause_resume/cancel
2023-11-04 17:01:42,296 [websockets.py:register_api_handler()] - Registering Websocket JSON-RPC methods: printer.pause_resume.cancel
2023-11-04 17:01:42,297 [app.py:register_remote_handler()] - Registering HTTP endpoint: (GET POST) /printer/pause_resume/pause
2023-11-04 17:01:42,298 [websockets.py:register_api_handler()] - Registering Websocket JSON-RPC methods: printer.pause_resume.pause
2023-11-04 17:01:42,298 [app.py:register_remote_handler()] - Registering HTTP endpoint: (GET POST) /printer/pause_resume/resume
2023-11-04 17:01:42,299 [websockets.py:register_api_handler()] - Registering Websocket JSON-RPC methods: printer.pause_resume.resume
2023-11-04 17:01:42,299 [app.py:register_remote_handler()] - Registering HTTP endpoint: (GET POST) /printer/motion_report/dump_stepper
2023-11-04 17:01:42,300 [websockets.py:register_api_handler()] - Registering Websocket JSON-RPC methods: printer.motion_report.dump_stepper
2023-11-04 17:01:42,301 [app.py:register_remote_handler()] - Registering HTTP endpoint: (GET POST) /printer/query_endstops/status
2023-11-04 17:01:42,302 [websockets.py:register_api_handler()] - Registering Websocket JSON-RPC methods: printer.query_endstops.status
2023-11-04 17:01:42,302 [app.py:register_remote_handler()] - Registering HTTP endpoint: (GET POST) /printer/motion_report/dump_trapq
2023-11-04 17:01:42,303 [websockets.py:register_api_handler()] - Registering Websocket JSON-RPC methods: printer.motion_report.dump_trapq
2023-11-04 17:01:42,307 [klippy_connection.py:_request_initial_subscriptions()] - Webhooks Subscribed
2023-11-04 17:01:42,309 [klippy_connection.py:_request_initial_subscriptions()] - GCode Output Subscribed
2023-11-04 17:01:42,557 [job_state.py:_handle_started()] - Job state initialized: standby
2023-11-05 09:45:27,083 [klippy_connection.py:_check_ready()] - Klippy ready
2023-11-05 09:45:27,299 [authorization.py:_check_trusted_connection()] - Trusted Connection Detected, IP: 127.0.0.1
2023-11-05 09:45:27,315 [app.py:log_request()] - 101 GET /websocket (127.0.0.1) [_API_KEY_USER_] 6.46ms
2023-11-05 09:45:27,316 [websockets.py:open()] - Websocket Opened: ID: 1729926096, Proxied: False, User Agent: , Host Name: 127.0.0.1
2023-11-05 09:45:27,576 [data_store.py:_init_sensors()] - Configuring available sensors: ['heater_bed', 'extruder']
2023-11-05 09:45:27,830 [common.py:build_error()] - JSON-RPC Request Error - Requested Method: printer.objects.subscribe, Code: 400, Message: {'error': 'WebRequestError', 'message': 'Invalid argument'}
2023-11-05 09:45:29,972 [app.py:log_request()] - 404 GET /server/database/item?namespace=mainsail&key=presets (127.0.0.1) [_API_KEY_USER_] 1653.39ms
2023-11-05 09:51:46,453 [server.py:add_log_rollover_item()] - CPU Throttled Flags: ['Previously Temperature Limited']
2023-11-05 09:52:12,818 [authorization.py:_check_trusted_connection()] - Trusted Connection Detected, IP: 192.168.1.155
2023-11-05 09:52:12,820 [app.py:log_request()] - 101 GET /websocket (192.168.1.155) [_TRUSTED_USER_] 4.52ms
2023-11-05 09:52:12,821 [websockets.py:open()] - Websocket Opened: ID: 1739828048, Proxied: True, User Agent: Mozilla/5.0 (Windows NT 10.0; Win64; x64; rv:109.0) Gecko/20100101 Firefox/119.0, Host Name: 192.168.1.193
2023-11-05 09:52:12,830 [websockets.py:_handle_identify()] - Websocket 1739828048 Client Identified - Name: mainsail, Version: 2.8.0, Type: web
2023-11-05 09:52:16,489 [server.py:add_log_rollover_item()] - CPU Throttled Flags: ['Temperature Limit Active', 'Previously Temperature Limited']
2023-11-05 10:02:30,094 [app.py:prepare()] - Upload Request Received from 192.168.1.155
Content-Type: multipart/form-data; boundary=---------------------------25633061342591399064239880404
2023-11-05 10:02:30,307 [app.py:post()] - Processing Uploaded File: PETGLowPoly_Controller_Hanger_Tape.gcode
2023-11-05 10:02:30,800 [shell_command.py:pipe_data_received()] - INFO:metadata:Object Processing is disabled

2023-11-05 10:02:30,950 [shell_command.py:_check_proc_success()] - Command (/home/pi/moonraker-env/bin/python /home/pi/moonraker/moonraker/components/file_manager/metadata.py -p /home/pi/printer_data/gcodes -f "PETGLowPoly_Controller_Hanger_Tape.gcode") successfully finished
2023-11-05 10:02:30,958 [app.py:log_request()] - 201 POST /server/files/upload (192.168.1.155) [_TRUSTED_USER_] 869.35ms
2023-11-05 10:02:33,595 [job_state.py:_status_update()] - Job Started: PETGLowPoly_Controller_Hanger_Tape.gcode
2023-11-05 10:05:09,430 [klippy_connection.py:wait()] - Request 'gcode/script' pending: 60.00 seconds
2023-11-05 10:05:10,805 [klippy_connection.py:wait()] - Request 'gcode/script' pending: 60.00 seconds
2023-11-05 10:09:35,124 [app.py:log_request()] - 404 GET /machine/device_power/devices (127.0.0.1) [No User] 4.13ms
2023-11-05 10:12:38,349 [app.py:log_request()] - 404 GET /machine/device_power/devices (127.0.0.1) [No User] 3.63ms
2023-11-05 10:12:57,561 [app.py:log_request()] - 404 GET /machine/device_power/devices (127.0.0.1) [No User] 4.35ms
2023-11-05 10:32:24,697 [app.py:log_request()] - 404 GET /machine/device_power/devices (127.0.0.1) [No User] 6.34ms
2023-11-05 10:50:25,175 [authorization.py:_prune_conn_handler()] - Trusted Connection Expired, IP: 127.0.0.1
2023-11-05 10:52:25,720 [app.py:log_request()] - 404 GET /machine/device_power/devices (127.0.0.1) [No User] 5.01ms
2023-11-05 11:05:25,180 [authorization.py:_prune_conn_handler()] - Trusted Connection Expired, IP: 192.168.1.155
2023-11-05 11:30:22,031 [authorization.py:_check_trusted_connection()] - Trusted Connection Detected, IP: 192.168.1.155
2023-11-05 12:16:15,766 [app.py:log_request()] - 404 GET /machine/device_power/devices (127.0.0.1) [No User] 5.05ms
2023-11-05 12:24:35,637 [common.py:build_error()] - JSON-RPC Request Error - Requested Method: printer.gcode.script, Code: 400, Message: {'error': 'WebRequestError', 'message': 'Move out of range: 227.000 125.000 180.400 [6488.948]'}
2023-11-05 12:24:38,578 [common.py:build_error()] - JSON-RPC Request Error - Requested Method: printer.gcode.script, Code: 400, Message: {'error': 'WebRequestError', 'message': 'Move out of range: 227.000 125.000 180.400 [6488.948]'}
2023-11-05 12:24:44,700 [common.py:build_error()] - JSON-RPC Request Error - Requested Method: printer.gcode.script, Code: 400, Message: {'error': 'WebRequestError', 'message': 'Move out of range: -3.000 125.000 180.400 [6488.948]'}
2023-11-05 12:24:45,615 [common.py:build_error()] - JSON-RPC Request Error - Requested Method: printer.gcode.script, Code: 400, Message: {'error': 'WebRequestError', 'message': 'Move out of range: -3.000 125.000 180.400 [6488.948]'}
